<?xml version="1.0" encoding="UTF-8"?>
<!-- Generated by org.testng.reporters.JUnitReportReporter -->
<testsuite hostname="IN-BF3K1J3" failures="0" tests="4" name="api.test.UserTests2" time="9.811" errors="0" timestamp="2023-10-30T18:48:10 IST" skipped="0">
  <testcase classname="api.test.UserTests2" name="testPostUser" time="3.516"/>
  <system-out/>
  <testcase classname="api.test.UserTests2" name="testGetUserByName" time="1.593"/>
  <system-out/>
  <testcase classname="api.test.UserTests2" name="testUpdateUserByName" time="3.169"/>
  <system-out/>
  <testcase classname="api.test.UserTests2" name="testDeleteUserByName" time="1.533"/>
  <system-out/>
</testsuite> <!-- api.test.UserTests2 -->
