<?xml version="1.0" encoding="UTF-8"?>
<!-- Generated by org.testng.reporters.JUnitReportReporter -->
<testsuite hostname="IN-BF3K1J3" failures="0" tests="4" name="api.test.UserTests" time="10.309" errors="0" timestamp="2023-10-26T18:29:23 IST" skipped="0">
  <testcase classname="api.test.UserTests" name="testPostUser" time="3.491"/>
  <system-out/>
  <testcase classname="api.test.UserTests" name="testGetUserByName" time="1.502"/>
  <system-out/>
  <testcase classname="api.test.UserTests" name="testUpdateUserByName" time="3.788"/>
  <system-out/>
  <testcase classname="api.test.UserTests" name="testDeleteUserByName" time="1.528"/>
  <system-out/>
</testsuite> <!-- api.test.UserTests -->
