<?xml version="1.0" encoding="UTF-8"?>
<!-- Generated by org.testng.reporters.JUnitReportReporter -->
<testsuite hostname="IN-BF3K1J3" failures="0" tests="6" name="api.test.DataDrivenTests" time="13.048" errors="0" timestamp="2023-10-26T17:56:07 IST" skipped="0">
  <testcase classname="api.test.DataDrivenTests" name="testPostUser" time="3.647"/>
  <system-out/>
  <testcase classname="api.test.DataDrivenTests" name="testPostUser" time="1.476"/>
  <system-out/>
  <testcase classname="api.test.DataDrivenTests" name="testPostUser" time="1.475"/>
  <system-out/>
  <testcase classname="api.test.DataDrivenTests" name="testDeleteUserByName" time="1.617"/>
  <system-out/>
  <testcase classname="api.test.DataDrivenTests" name="testDeleteUserByName" time="2.999"/>
  <system-out/>
  <testcase classname="api.test.DataDrivenTests" name="testDeleteUserByName" time="1.834"/>
  <system-out/>
</testsuite> <!-- api.test.DataDrivenTests -->
