<?xml version="1.0" encoding="UTF-8"?>
<!-- Generated by org.testng.reporters.JUnitReportReporter -->
<testsuite hostname="IN-BF3K1J3" failures="0" tests="6" name="api.test.DataDrivenTests" time="12.327" errors="0" timestamp="2023-10-30T19:00:50 IST" skipped="0">
  <testcase classname="api.test.DataDrivenTests" name="testPostUser" time="1.576"/>
  <system-out/>
  <testcase classname="api.test.DataDrivenTests" name="testPostUser" time="2.940"/>
  <system-out/>
  <testcase classname="api.test.DataDrivenTests" name="testPostUser" time="1.457"/>
  <system-out/>
  <testcase classname="api.test.DataDrivenTests" name="testDeleteUserByName" time="1.417"/>
  <system-out/>
  <testcase classname="api.test.DataDrivenTests" name="testDeleteUserByName" time="1.638"/>
  <system-out/>
  <testcase classname="api.test.DataDrivenTests" name="testDeleteUserByName" time="3.299"/>
  <system-out/>
</testsuite> <!-- api.test.DataDrivenTests -->
