<?xml version="1.0" encoding="UTF-8"?>
<!-- Generated by org.testng.reporters.JUnitReportReporter -->
<testsuite hostname="IN-BF3K1J3" failures="0" tests="4" name="api.test.UserTests" time="8.227" errors="0" timestamp="2023-10-30T19:00:50 IST" skipped="0">
  <testcase classname="api.test.UserTests" name="testPostUser" time="1.516"/>
  <system-out/>
  <testcase classname="api.test.UserTests" name="testGetUserByName" time="2.254"/>
  <system-out/>
  <testcase classname="api.test.UserTests" name="testUpdateUserByName" time="3.064"/>
  <system-out/>
  <testcase classname="api.test.UserTests" name="testDeleteUserByName" time="1.393"/>
  <system-out/>
</testsuite> <!-- api.test.UserTests -->
